build/app/outputs/mapping/release/seeds.txt
com.chuwaichun.fyp.MainActivity
com.chuwaichun.fyp.MainActivity: MainActivity()
...
io.flutter.plugin.editing.ImeSyncDeferringInsetsCallback: android.view.WindowInsetsAnimation$Callback getAnimationCallback()
com.google.android.gms.internal.auth.zzeq: com.google.android.gms.internal.auth.zzgq zzc
com.dexterous.flutterlocalnotifications.models.NotificationDetails: java.lang.String LED_OFF_MS
org.threeten.bp.chrono.HijrahEra
io.flutter.plugin.platform.SingleViewPresentation: SingleViewPresentation(android.content.Context,android.view.Display,io.flutter.plugin.platform.PlatformViewFactory,io.flutter.plugin.platform.AccessibilityEventsDelegate,int,java.lang.Object,android.view.View$OnFocusChangeListener)
io.flutter.embedding.engine.systemchannels.PlatformChannel$SystemUiOverlay: io.flutter.embedding.engine.systemchannels.PlatformChannel$SystemUiOverlay valueOf(java.lang.String)
io.flutter.plugins.imagepicker.ImagePickerFileProvider: ImagePickerFileProvider()
com.dexterous.flutterlocalnotifications.FlutterLocalNotificationsPlugin: java.lang.String SHARED_PREFERENCES_KEY
com.facebook.CurrentAccessTokenExpirationBroadcastReceiver: CurrentAccessTokenExpirationBroadcastReceiver()
io.flutter.embedding.android.RenderMode: io.flutter.embedding.android.RenderMode[] values()
androidx.appcompat.widget.Toolbar: void setTitle(int)
com.dexterous.flutterlocalnotifications.RepeatInterval: com.dexterous.flutterlocalnotifications.RepeatInterval Weekly
org.threeten.bp.OffsetDateTime: java.lang.Object writeReplace()
com.google.android.gms.internal.auth.zzhe: com.google.android.gms.internal.auth.zzhe[] values()
io.flutter.plugin.editing.ImeSyncDeferringInsetsCallback: boolean animating
com.dexterous.flutterlocalnotifications.models.NotificationDetails: java.lang.String scheduledDateTime
com.dexterous.flutterlocalnotifications.models.NotificationDetails: java.lang.String subText
androidx.appcompat.widget.AppCompatButton: void setCustomSelectionActionModeCallback(android.view.ActionMode$Callback)
androidx.lifecycle.ReportFragment$LifecycleCallbacks
androidx.appcompat.widget.ViewStubCompat: void setInflatedId(int)
androidx.appcompat.widget.SearchView: void setSuggestionsAdapter(androidx.cursoradapter.widget.CursorAdapter)
com.facebook.appevents.AccessTokenAppIdPair: java.lang.Object writeReplace()
com.dexterous.flutterlocalnotifications.models.NotificationDetails: java.util.ArrayList readMessages(java.util.ArrayList)
org.threeten.bp.chrono.MinguoEra: java.lang.Object writeReplace()
androidx.appcompat.widget.ViewStubCompat: ViewStubCompat(android.content.Context,android.util.AttributeSet)
com.google.android.datatransport.runtime.backends.TransportBackendDiscovery
io.flutter.view.AccessibilityViewEmbedder: android.view.View rootAccessibilityView
androidx.appcompat.widget.AppCompatCheckBox: void setBackgroundDrawable(android.graphics.drawable.Drawable)
com.dexterous.flutterlocalnotifications.FlutterLocalNotificationsPlugin: androidx.core.app.Person buildPerson(android.content.Context,com.dexterous.flutterlocalnotifications.models.PersonDetails)
com.dexterous.flutterlocalnotifications.models.NotificationDetails: java.lang.String LARGE_ICON
io.flutter.plugin.editing.ImeSyncDeferringInsetsCallback: android.view.View view
com.dexterous.flutterlocalnotifications.models.PersonDetails: java.lang.Boolean important
io.flutter.embedding.engine.FlutterJNI: io.flutter.embedding.engine.FlutterJNI$AccessibilityDelegate accessibilityDelegate
androidx.core.widget.NestedScrollView: void setNestedScrollingEnabled(boolean)
com.dexterous.flutterlocalnotifications.models.NotificationDetails: java.lang.String ONGOING
com.facebook.FacebookRequestError$Category: com.facebook.FacebookRequestError$Category[] values()
com.dexterous.flutterlocalnotifications.models.Time: com.dexterous.flutterlocalnotifications.models.Time from(java.util.Map)
com.facebook.appevents.cloudbridge.ConversionsAPISection: com.facebook.appevents.cloudbridge.ConversionsAPISection[] values()