build/app/outputs/mapping/release/mapping.txt
# compiler: R8
# compiler_version: 2.1.62
# min_api: 19
# pg_map_id: 1dec1a8
# common_typos_disable
...
$r8$backportedMethods$utility$Long$1$hashCode -> a:
    int hashCode(long) -> a
android.support.customtabs.ICustomTabsCallback -> b.a.a.a:
    void extraCallback(java.lang.String,android.os.Bundle) -> B
    void onMessageChannelReady(android.os.Bundle) -> D
    void onRelationshipValidationResult(int,android.net.Uri,boolean,android.os.Bundle) -> G
    void onNavigationEvent(int,android.os.Bundle) -> S
    void onPostMessage(java.lang.String,android.os.Bundle) -> z
android.support.customtabs.ICustomTabsCallback$Stub -> b.a.a.a$a:
android.support.customtabs.ICustomTabsService -> b.a.a.b:
    boolean warmup(long) -> E
    boolean mayLaunchUrl(android.support.customtabs.ICustomTabsCallback,android.net.Uri,android.os.Bundle,java.util.List) -> t
    boolean newSession(android.support.customtabs.ICustomTabsCallback) -> u
android.support.customtabs.ICustomTabsService$Stub -> b.a.a.b$a:
    android.support.customtabs.ICustomTabsService asInterface(android.os.IBinder) -> b
android.support.customtabs.ICustomTabsService$Stub$Proxy -> b.a.a.b$a$a:
    android.os.IBinder mRemote -> a
    boolean warmup(long) -> E
    boolean mayLaunchUrl(android.support.customtabs.ICustomTabsCallback,android.net.Uri,android.os.Bundle,java.util.List) -> t
    boolean newSession(android.support.customtabs.ICustomTabsCallback) -> u
android.support.v4.app.INotificationSideChannel -> android.support.v4.app.a:
    void notify(java.lang.String,int,java.lang.String,android.app.Notification) -> F
    void cancelAll(java.lang.String) -> f
    void cancel(java.lang.String,int,java.lang.String) -> p
android.support.v4.app.INotificationSideChannel$Stub -> android.support.v4.app.a$a:
    android.support.v4.app.INotificationSideChannel asInterface(android.os.IBinder) -> b
    android.support.v4.app.INotificationSideChannel getDefaultImpl() -> d
android.support.v4.app.INotificationSideChannel$Stub$Proxy -> android.support.v4.app.a$a$a:
    android.os.IBinder mRemote -> a
    android.support.v4.app.INotificationSideChannel sDefaultImpl -> b
    void notify(java.lang.String,int,java.lang.String,android.app.Notification) -> F
    void cancelAll(java.lang.String) -> f
    void cancel(java.lang.String,int,java.lang.String) -> p
android.support.v4.media.MediaBrowserCompat$CustomActionCallback -> android.support.v4.media.a:
    void onError(java.lang.String,android.os.Bundle,android.os.Bundle) -> a
    void onProgressUpdate(java.lang.String,android.os.Bundle,android.os.Bundle) -> b
    void onResult(java.lang.String,android.os.Bundle,android.os.Bundle) -> c
android.support.v4.media.MediaBrowserCompat$CustomActionResultReceiver -> android.support.v4.media.MediaBrowserCompat$CustomActionResultReceiver:
    android.support.v4.media.MediaBrowserCompat$CustomActionCallback mCallback -> g
    android.os.Bundle mExtras -> f
    java.lang.String mAction -> e
    void onReceiveResult(int,android.os.Bundle) -> a
android.support.v4.media.MediaBrowserCompat$ItemCallback -> android.support.v4.media.b:
    void onError(java.lang.String) -> a
    void onItemLoaded(android.support.v4.media.MediaBrowserCompat$MediaItem) -> b
android.support.v4.media.MediaBrowserCompat$ItemReceiver -> android.support.v4.media.MediaBrowserCompat$ItemReceiver:
    android.support.v4.media.MediaBrowserCompat$ItemCallback mCallback -> f
    java.lang.String mMediaId -> e
    void onReceiveResult(int,android.os.Bundle) -> a
android.support.v4.media.MediaBrowserCompat$MediaItem -> android.support.v4.media.MediaBrowserCompat$MediaItem:
    android.support.v4.media.MediaDescriptionCompat mDescription -> d
    int mFlags -> c
android.support.v4.media.MediaBrowserCompat$MediaItem$1 -> android.support.v4.media.MediaBrowserCompat$MediaItem$a:
    android.support.v4.media.MediaBrowserCompat$MediaItem createFromParcel(android.os.Parcel) -> a
    android.support.v4.media.MediaBrowserCompat$MediaItem[] newArray(int) -> b