build/app/outputs/mapping/release/usage.txt
com.chuwaichun.fyp.R$drawable
com.chuwaichun.fyp.R
com.chuwaichun.fyp.R$string
com.chuwaichun.fyp.R$animator
com.chuwaichun.fyp.R$layout
com.chuwaichun.fyp.R$xml
com.chuwaichun.fyp.R$mipmap
com.chuwaichun.fyp.R$style
com.chuwaichun.fyp.R$id
com.chuwaichun.fyp.R$color
com.chuwaichun.fyp.BuildConfig
com.chuwaichun.fyp.R$anim
com.chuwaichun.fyp.R$bool
com.chuwaichun.fyp.R$interpolator
com.chuwaichun.fyp.R$integer
com.chuwaichun.fyp.R$styleable
com.chuwaichun.fyp.R$dimen
com.chuwaichun.fyp.R$attr
...
org.threeten.bp.Instant:
    public static final org.threeten.bp.Instant MIN
    public static final org.threeten.bp.Instant MAX
    public static final org.threeten.bp.temporal.TemporalQuery FROM
com.google.android.gms.internal.auth.zzcc:
    private static volatile boolean zza
com.facebook.GraphRequestBatch:
    public static final com.facebook.GraphRequestBatch$Companion Companion
com.google.android.gms.common.internal.BaseGmsClient:
    private int zzf
    private long zzg
    private long zzh
    private int zzi
    private long zzj
    private final android.os.Looper zzm
    private final com.google.android.gms.common.GoogleApiAvailabilityLight zzo
    public static final java.lang.String[] GOOGLE_PLUS_REQUIRED_FEATURES
androidx.media.AudioAttributesCompat:
    private static final int[] SDK_USAGES
org.threeten.bp.OffsetTime:
    public static org.threeten.bp.OffsetTime from(org.threeten.bp.temporal.TemporalAccessor)
    public static final org.threeten.bp.OffsetTime MIN
    public static final org.threeten.bp.OffsetTime MAX
    public static final org.threeten.bp.temporal.TemporalQuery FROM
io.flutter.plugins.pathprovider.PathProviderPlugin$PathProviderPlatformThread$1:
    final synthetic io.flutter.plugins.pathprovider.PathProviderPlugin$PathProviderPlatformThread this$1
io.flutter.plugins.firebase.messaging.FlutterFirebaseMessagingStore:
    private final java.lang.String DELIMITER
androidx.core.graphics.TypefaceCompatBaseImpl$1:
    final synthetic androidx.core.graphics.TypefaceCompatBaseImpl this$0
androidx.lifecycle.SavedStateHandleController:
    private static void tryToAddRecreator(androidx.savedstate.SavedStateRegistry,androidx.lifecycle.Lifecycle)
    private final java.lang.String mKey
io.flutter.plugins.imagepicker.ImagePickerDelegate$2$1:
    final synthetic io.flutter.plugins.imagepicker.ImagePickerDelegate$2 this$1
com.facebook.internal.ServerProtocol:
    private static final java.lang.String TAG
com.google.firebase.DataCollectionDefaultChange:
    public final boolean enabled
org.threeten.bp.format.DateTimeParseException:
    private final java.lang.String parsedString
    private final int errorIndex
kotlin.jvm.internal.markers.KMutableList
androidx.core.view.ViewPropertyAnimatorCompat$2:
    final synthetic androidx.core.view.ViewPropertyAnimatorCompat this$0
org.threeten.bp.ZoneId$1
com.facebook.FacebookOperationCanceledException$Companion
com.facebook.GraphRequest$ParcelableResourceWithMimeType$Companion
org.threeten.bp.format.DateTimeFormatter$2
com.facebook.FacebookOperationCanceledException:
    public static final com.facebook.FacebookOperationCanceledException$Companion Companion
androidx.fragment.app.FragmentTransitionCompat21$4:
    final synthetic androidx.fragment.app.FragmentTransitionCompat21 this$0
org.threeten.bp.YearMonth$1
com.google.android.gms.internal.auth.zzey
com.google.firebase.messaging.reporting.MessagingClientEvent:
    private static final com.google.firebase.messaging.reporting.MessagingClientEvent DEFAULT_INSTANCE
androidx.appcompat.view.menu.MenuItemWrapperICS$ActionProviderWrapperJB:
    final synthetic androidx.appcompat.view.menu.MenuItemWrapperICS this$0
com.google.android.datatransport.runtime.dagger.internal.InstanceFactory:
    private static final com.google.android.datatransport.runtime.dagger.internal.InstanceFactory NULL_INSTANCE_FACTORY
com.google.android.gms.auth.api.signin.internal.zbd
com.google.firebase.installations.FirebaseInstallationsException:
    private final com.google.firebase.installations.FirebaseInstallationsException$Status status
com.facebook.internal.FacebookDialogFragment:
    public static final com.facebook.internal.FacebookDialogFragment$Companion Companion
com.google.android.gms.dynamite.DynamiteModule$VersionPolicy
com.google.gson.internal.ConstructorConstructor$9:
    final synthetic com.google.gson.internal.ConstructorConstructor this$0
androidx.fragment.app.Fragment$3:
    final synthetic androidx.fragment.app.Fragment this$0